SF:lib\features\coach\models\chat_message.dart
DA:7,4
DA:14,3
DA:17,3
DA:18,9
DA:21,3
DA:25,2
DA:28,2
DA:29,6
DA:32,2
LF:9
LH:9
end_of_record
SF:lib\features\coach\presentation\coach_adan_screen.dart
DA:9,2
DA:11,2
DA:12,2
DA:22,2
DA:24,2
DA:25,4
DA:28,2
DA:30,4
DA:31,4
DA:32,4
DA:33,2
DA:36,2
DA:38,2
DA:39,2
DA:55,2
DA:56,2
DA:59,2
DA:67,2
DA:68,2
DA:69,2
DA:70,2
DA:71,2
DA:72,2
DA:78,2
DA:79,2
DA:80,2
DA:81,2
DA:82,2
DA:83,2
DA:85,8
DA:86,2
DA:87,6
DA:88,2
DA:93,2
DA:95,2
DA:97,2
DA:98,2
DA:99,2
DA:105,2
DA:106,2
DA:107,2
DA:108,2
DA:109,2
DA:116,2
DA:117,2
DA:118,2
DA:119,2
DA:121,2
DA:122,2
DA:139,2
DA:140,2
DA:141,2
DA:163,2
DA:164,2
DA:166,2
DA:168,2
DA:171,2
DA:172,2
DA:184,2
DA:185,2
DA:186,2
DA:187,10
DA:190,2
DA:194,2
DA:197,2
DA:198,2
DA:201,2
DA:203,2
DA:205,2
DA:213,2
DA:214,2
DA:215,2
DA:216,2
DA:222,2
DA:223,2
DA:224,4
DA:225,2
DA:229,1
DA:237,1
DA:239,1
DA:241,1
DA:242,1
DA:243,4
DA:257,2
DA:258,2
DA:260,2
DA:262,2
DA:263,2
DA:265,4
DA:266,2
DA:268,2
DA:274,2
DA:276,2
DA:278,2
DA:288,2
DA:289,6
DA:290,2
DA:292,2
DA:312,10
DA:314,2
DA:315,2
DA:318,2
DA:319,2
DA:320,2
DA:327,4
DA:328,8
DA:337,2
DA:338,2
DA:340,2
DA:342,2
DA:353,2
DA:359,2
DA:365,2
DA:371,2
DA:381,2
DA:382,2
DA:385,4
DA:386,2
DA:388,2
DA:390,2
DA:391,2
DA:396,2
DA:397,2
DA:399,2
DA:400,2
DA:409,2
DA:426,0
DA:427,0
DA:428,0
DA:430,0
DA:431,0
DA:432,0
DA:437,0
DA:438,0
DA:439,0
DA:443,0
DA:445,0
DA:448,0
DA:458,0
DA:459,0
DA:460,0
DA:461,0
DA:468,0
DA:469,0
DA:470,0
DA:471,0
DA:472,0
DA:473,0
DA:474,0
DA:479,0
DA:480,0
DA:481,0
DA:482,0
DA:483,0
DA:491,2
DA:492,2
DA:493,2
DA:495,4
DA:497,4
DA:498,4
DA:499,0
DA:500,0
DA:502,0
LF:163
LH:132
end_of_record
SF:lib\shared\services\mock_data_service.dart
DA:10,3
DA:26,3
DA:32,3
DA:36,9
DA:43,3
DA:46,9
DA:47,3
DA:48,3
DA:49,3
DA:50,3
DA:54,3
DA:55,1
DA:62,2
DA:64,1
DA:71,2
DA:73,1
DA:80,2
DA:84,3
DA:91,2
DA:94,3
DA:95,1
DA:100,2
DA:105,1
DA:110,2
LF:24
LH:24
end_of_record
SF:lib\features\coach\providers\chat_provider.dart
DA:14,9
DA:16,2
DA:17,4
DA:18,2
DA:21,1
DA:22,2
DA:24,2
DA:25,1
DA:28,2
DA:29,1
DA:30,1
DA:32,1
DA:36,1
DA:45,5
LF:14
LH:14
end_of_record
